[debug] [2025-02-27T09:57:20.424Z] ----------------------------------------------------------------------
[debug] [2025-02-27T09:57:20.443Z] Command:       C:\Program Files\nodejs\node.exe C:\Users\Irene\AppData\Roaming\npm\node_modules\firebase-tools\lib\bin\firebase.js init functions
[debug] [2025-02-27T09:57:20.444Z] CLI Version:   13.31.2
[debug] [2025-02-27T09:57:20.445Z] Platform:      win32
[debug] [2025-02-27T09:57:20.445Z] Node Version:  v22.14.0
[debug] [2025-02-27T09:57:20.446Z] Time:          Thu Feb 27 2025 12:57:20 GMT+0300 (East Africa Time)
[debug] [2025-02-27T09:57:20.447Z] ----------------------------------------------------------------------
[debug] 
[debug] [2025-02-27T09:57:20.472Z] > command requires scopes: ["email","openid","https://www.googleapis.com/auth/cloudplatformprojects.readonly","https://www.googleapis.com/auth/firebase","https://www.googleapis.com/auth/cloud-platform"]
[debug] [2025-02-27T09:57:20.473Z] > authorizing via signed-in user (mutheu.maithya@strathmore.edu)
[info] 
     ######## #### ########  ######## ########     ###     ######  ########
     ##        ##  ##     ## ##       ##     ##  ##   ##  ##       ##
     ######    ##  ########  ######   ########  #########  ######  ######
     ##        ##  ##    ##  ##       ##     ## ##     ##       ## ##
     ##       #### ##     ## ######## ########  ##     ##  ######  ########

You're about to initialize a Firebase project in this directory:

  C:\Users\Irene\OneDrive\Desktop\IS PROJECT

[info] 
=== Project Setup
[info] 
[info] First, let's associate this project directory with a Firebase project.
[info] You can create multiple project aliases by running firebase use --add, 
[info] but for now we'll just set up a default project.
[info] 
